<?xml version="1.0" encoding="UTF-8"?>
<!-- Generated by org.testng.reporters.JUnitReportReporter -->
<testsuite hostname="Eric" failures="0" tests="1" name="test.com.itexps.BankTest" time="0.000" errors="0" timestamp="9 Aug 2024 20:48:44 GMT">
  <testcase classname="test.com.itexps.BankTest" name="testBankName" time="0.000"/>
</testsuite> <!-- test.com.itexps.BankTest -->
